INFO:Программа:18:32:04 Пользователь Дмитрий вошел в главное меню программы
INFO:Прямоугольник:18:32:07 Пользователь Дмитрий начал вычислять периметр Прямоугольника
CRITICAL:Прямоугольник:18:32:16 Пользователь Дмитрий ввел недопустимое значение ширины прямоугольника
CRITICAL:Прямоугольник:18:32:35 Пользователь Дмитрий ввел недопустимое значение длины прямоугольника
INFO:Прямоугольник:18:32:41 Пользователь Дмитрий вычислил периметр прямоугольника со сторонами 2 и 4
INFO:Прямоугольник:18:32:51 Пользователь Дмитрий начал вычислять площадь Прямоугольника
CRITICAL:Прямоугольник:18:32:56 Пользователь Дмитрий ввел недопустимое значение ширины прямоугольника
CRITICAL:Прямоугольник:18:33:04 Пользователь Дмитрий ввел недопустимое значение длины прямоугольника
INFO:Прямоугольник:18:33:09 Пользователь Дмитрий вычислил площадь прямоугольника со сторонами 5 и 2
INFO:Круг:18:33:18 Пользователь Дмитрий начал вычислять длину Круга
CRITICAL:Прямоугольник:18:33:24 Пользователь Дмитрий ввел недопустимое значение радиуса круга
CRITICAL:Прямоугольник:18:33:28 Пользователь Дмитрий ввел недопустимое значение радиуса круга
INFO:Круг:18:33:40 Пользователь Дмитрий вычислил длину круга с радиусом 3
INFO:Круг:18:33:53 Пользователь Дмитрий начал вычислять площадь Круга
CRITICAL:Прямоугольник:18:34:02 Пользователь Дмитрий ввел недопустимое значение радиуса круга
INFO:Круг:18:34:09 Пользователь Дмитрий вычислил площадь круга с радиусом 45
INFO:Треугольник:18:34:13 Пользователь Дмитрий начал вычислять периметр Треугольника
CRITICAL:Треугольник:18:34:17 Пользователь Дмитрий ввел недопустимое значение стороны треугольника
CRITICAL:Треугольник:18:34:22 Пользователь Дмитрий ввел недопустимое значение стороны треугольника
CRITICAL:Треугольник:18:34:30 Пользователь Дмитрий ввел недопустимое значение стороны треугольника
INFO:Треугольник:18:35:02 Пользователь Дмитрий вычислил периметр треугольника со сторонами 2, 4, 7
INFO:Треугольник:18:35:24 Пользователь Дмитрий начал вычислять площадь Треугольника
CRITICAL:Треугольник:18:35:29 Пользователь Дмитрий ввел недопустимое значение стороны треугольника
CRITICAL:Треугольник:18:35:38 Пользователь Дмитрий ввел недопустимое значение стороны треугольника
CRITICAL:Треугольник:18:35:46 Пользователь Дмитрий ввел недопустимое значение стороны треугольника
INFO:Треугольник:18:35:50 Пользователь Дмитрий вычислил периметр треугольника со сторонами 2, 4, 9
INFO:Программа:18:36:14 Пользователь Дмитрий завершил работу с программой
INFO:Программа:18:40:41 Пользователь Дмитрий вошел в главное меню программы
INFO:Треугольник:18:40:43 Пользователь Дмитрий начал вычислять площадь Треугольника
INFO:Программа:18:47:05 Пользователь Дмитрий вошел в главное меню программы
INFO:Треугольник:18:47:07 Пользователь Дмитрий начал вычислять периметр Треугольника
INFO:Программа:18:55:46 Пользователь Дмитрий вошел в главное меню программы
INFO:Треугольник:18:55:49 Пользователь Дмитрий начал вычислять периметр Треугольника
CRITICAL:Треугольник:18:56:05 Пользователь Дмитрий ввел значения сторонам треугольника 2, 4, 6. Существование такого треугольника невозможно
